#! /usr/share/iverilog-0.10.0/bin/vvp
:ivl_version "0.10.0 (devel)" "(v0_9_6)";
:ivl_delay_selection "TYPICAL";
:vpi_time_precision - 12;
:vpi_module "system";
:vpi_module "vhdl_sys";
:vpi_module "v2005_math";
:vpi_module "va_math";
:vpi_module "v2009";
S_0x146ebd0 .scope module, "mbs_tb" "mbs_tb" 2 4;
 .timescale -9 -12;
v0x14aa770_0 .var "clock", 0 0;
v0x14aa830_0 .var "multiplicador", 7 0;
v0x14aa900_0 .var "multiplicando", 7 0;
v0x14aaa00_0 .net "produto", 15 0, L_0x14aabc0;  1 drivers
v0x14aaad0_0 .var "start", 0 0;
S_0x146ff70 .scope module, "uut" "mbs" 2 18, 3 3 0, S_0x146ebd0;
 .timescale -9 -12;
    .port_info 0 /INPUT 1 "clock"
    .port_info 1 /INPUT 1 "start"
    .port_info 2 /INPUT 8 "multiplicando"
    .port_info 3 /INPUT 8 "multiplicador"
    .port_info 4 /OUTPUT 16 "produto"
    .port_info 5 /NODIR 0 ""
L_0x14aabc0 .functor BUFZ 16, v0x14aa530_0, C4<0000000000000000>, C4<0000000000000000>, C4<0000000000000000>;
v0x146eee0_0 .net "clock", 0 0, v0x14aa770_0;  1 drivers
v0x14aa070_0 .net "multiplicador", 7 0, v0x14aa830_0;  1 drivers
v0x14aa150_0 .var "multiplicador_reg", 15 0;
v0x14aa240_0 .net "multiplicando", 7 0, v0x14aa900_0;  1 drivers
v0x14aa320_0 .var "multiplicando_reg", 15 0;
v0x14aa450_0 .net "produto", 15 0, L_0x14aabc0;  alias, 1 drivers
v0x14aa530_0 .var "produto_reg", 15 0;
v0x14aa610_0 .net "start", 0 0, v0x14aaad0_0;  1 drivers
E_0x1498960 .event posedge, v0x146eee0_0;
    .scope S_0x146ff70;
T_0 ;
    %wait E_0x1498960;
    %load/v 8, v0x14aa610_0, 1;
    %cmpi/u 8, 0, 1;
    %jmp/1 T_0.0, 6;
    %cmpi/u 8, 1, 1;
    %jmp/1 T_0.1, 6;
    %jmp T_0.2;
T_0.0 ;
    %set/v v0x14aa530_0, 0, 16;
    %set/v v0x14aa320_0, 0, 16;
    %set/v v0x14aa150_0, 0, 16;
    %load/v 8, v0x14aa240_0, 8;
    %pad 16, 0, 8;
    %set/v v0x14aa320_0, 8, 16;
    %load/v 8, v0x14aa070_0, 8;
    %pad 16, 0, 8;
    %set/v v0x14aa150_0, 8, 16;
    %set/v v0x14aa530_0, 0, 16;
    %jmp T_0.2;
T_0.1 ;
    %load/v 8, v0x14aa150_0, 1; Select 1 out of 16 bits
    %pad 9, 0, 2;
    %cmpi/u 8, 1, 3;
    %jmp/0xz  T_0.3, 4;
    %load/v 8, v0x14aa530_0, 16;
    %load/v 24, v0x14aa320_0, 16;
    %add 8, 24, 16;
    %set/v v0x14aa530_0, 8, 16;
T_0.3 ;
    %load/v 8, v0x14aa320_0, 16;
    %ix/load 0, 1, 0;
    %mov 4, 0, 1;
    %shiftl/i0  8, 16;
    %set/v v0x14aa320_0, 8, 16;
    %load/v 8, v0x14aa150_0, 16;
    %ix/load 0, 1, 0;
    %mov 4, 0, 1;
    %shiftr/i0  8, 16;
    %set/v v0x14aa150_0, 8, 16;
    %jmp T_0.2;
T_0.2 ;
    %jmp T_0;
    .thread T_0;
    .scope S_0x146ebd0;
T_1 ;
T_1.0 ;
    %delay 50000, 0;
    %load/v 8, v0x14aa770_0, 1;
    %inv 8, 1;
    %set/v v0x14aa770_0, 8, 1;
    %jmp T_1.0;
    %end;
    .thread T_1;
    .scope S_0x146ebd0;
T_2 ;
    %vpi_call/w 2 35 "$dumpfile", "dump.vcd" {0 0};
    %vpi_call/w 2 35 "$dumpvars" {0 0};
    %vpi_call/w 2 36 "$display", "dump carregado" {0 0};
    %set/v v0x14aa900_0, 0, 8;
    %set/v v0x14aa830_0, 0, 8;
    %set/v v0x14aa770_0, 0, 1;
    %set/v v0x14aaad0_0, 0, 1;
    %delay 100000, 0;
    %movi 8, 42, 8;
    %set/v v0x14aa900_0, 8, 8;
    %movi 8, 13, 8;
    %set/v v0x14aa830_0, 8, 8;
    %set/v v0x14aaad0_0, 0, 1;
    %delay 200000, 0;
    %set/v v0x14aaad0_0, 1, 1;
    %delay 800000, 0;
    %vpi_call/w 2 54 "$display", "%d x %d = %d", v0x14aa900_0, v0x14aa830_0, v0x14aaa00_0 {0 0};
    %vpi_call/w 2 55 "$finish" {0 0};
    %end;
    .thread T_2;
# The file index is used to find the file name in the following table.
:file_names 4;
    "N/A";
    "<interactive>";
    "testbench.sv";
    "design.sv";
